\BOOKMARK [0][-]{chapter*.1}{Introduction}{}% 1
\BOOKMARK [1][-]{section.1.1}{Objectives}{chapter*.1}% 2
\BOOKMARK [1][-]{section.1.2}{Motivation}{chapter*.1}% 3
\BOOKMARK [1][-]{section.1.3}{Definitions}{chapter*.1}% 4
\BOOKMARK [1][-]{section.1.4}{Project\040Plan}{chapter*.1}% 5
\BOOKMARK [0][-]{chapter.2}{Literature\040Review}{}% 6
\BOOKMARK [1][-]{section.2.1}{Big\040Data\040Defined}{chapter.2}% 7
\BOOKMARK [2][-]{subsection.2.1.1}{5vs\040Model}{section.2.1}% 8
\BOOKMARK [1][-]{section.2.2}{Extract\040Transform\040Load}{chapter.2}% 9
\BOOKMARK [2][-]{subsection.2.2.1}{Extract}{section.2.2}% 10
\BOOKMARK [2][-]{subsection.2.2.2}{Transform}{section.2.2}% 11
\BOOKMARK [2][-]{subsection.2.2.3}{Load}{section.2.2}% 12
\BOOKMARK [1][-]{section.2.3}{Software\040Tools}{chapter.2}% 13
\BOOKMARK [1][-]{section.2.4}{Knowledge\040Representation\040Languages}{chapter.2}% 14
\BOOKMARK [2][-]{subsection.2.4.1}{Semantic\040Web}{section.2.4}% 15
\BOOKMARK [1][-]{section.2.5}{NoSQL}{chapter.2}% 16
\BOOKMARK [2][-]{subsection.2.5.1}{Distributed\040Systems\040and\040Data\040Transactions}{section.2.5}% 17
\BOOKMARK [2][-]{subsection.2.5.2}{Database\040Classification}{section.2.5}% 18
\BOOKMARK [1][-]{section.2.6}{Relational\040Database}{chapter.2}% 19
\BOOKMARK [1][-]{section.2.7}{Technology\040Evaluation}{chapter.2}% 20
\BOOKMARK [2][-]{subsection.2.7.1}{MySQL}{section.2.7}% 21
\BOOKMARK [2][-]{subsection.2.7.2}{MongoDB}{section.2.7}% 22
\BOOKMARK [2][-]{subsection.2.7.3}{Neo4j}{section.2.7}% 23
\BOOKMARK [2][-]{subsection.2.7.4}{Apache\040Cassandra}{section.2.7}% 24
\BOOKMARK [1][-]{section.2.8}{Data\040Source\040and\040Representation}{chapter.2}% 25
\BOOKMARK [2][-]{subsection.2.8.1}{EMAP}{section.2.8}% 26
\BOOKMARK [2][-]{subsection.2.8.2}{EMAP\040anatomy}{section.2.8}% 27
\BOOKMARK [2][-]{subsection.2.8.3}{EMAPA\040anatomy}{section.2.8}% 28
\BOOKMARK [2][-]{subsection.2.8.4}{EMAGE\040anatomy}{section.2.8}% 29
\BOOKMARK [0][-]{chapter.3}{Evaluation\040Strategy}{}% 30
\BOOKMARK [1][-]{section.3.1}{Requirements}{chapter.3}% 31
\BOOKMARK [2][-]{subsection.3.1.1}{Data\040Source\040Competency\040Questions}{section.3.1}% 32
\BOOKMARK [0][-]{chapter.4}{Database\040Modelling}{}% 33
\BOOKMARK [1][-]{section.4.1}{Cleansing\040the\040data}{chapter.4}% 34
\BOOKMARK [1][-]{section.4.2}{Designing\040the\040data\040models}{chapter.4}% 35
\BOOKMARK [2][-]{subsection.4.2.1}{MySQL\040-\040data\040model\040design}{section.4.2}% 36
\BOOKMARK [2][-]{subsection.4.2.2}{MongoDB\040-\040data\040model\040design}{section.4.2}% 37
\BOOKMARK [2][-]{subsection.4.2.3}{Neo4j\040-\040data\040model\040design}{section.4.2}% 38
\BOOKMARK [2][-]{subsection.4.2.4}{Apache\040Cassandra\040-\040data\040model\040design}{section.4.2}% 39
\BOOKMARK [1][-]{section.4.3}{Discussion\040-\040data\040model\040design}{chapter.4}% 40
\BOOKMARK [0][-]{chapter.5}{Schema\040Implementation}{}% 41
\BOOKMARK [1][-]{section.5.1}{Creating\040database\040systems}{chapter.5}% 42
\BOOKMARK [2][-]{subsection.5.1.1}{MySQL\040-\040schema\040implementation}{section.5.1}% 43
\BOOKMARK [2][-]{subsection.5.1.2}{MongoDB\040-\040schema\040implementation}{section.5.1}% 44
\BOOKMARK [2][-]{subsection.5.1.3}{Neo4j\040-\040schema\040implementation}{section.5.1}% 45
\BOOKMARK [2][-]{subsection.5.1.4}{Apache\040Cassandra\040-\040schema\040implementation}{section.5.1}% 46
\BOOKMARK [1][-]{section.5.2}{Implementation\040Discussion}{chapter.5}% 47
\BOOKMARK [0][-]{chapter.6}{Importing\040Data}{}% 48
\BOOKMARK [1][-]{section.6.1}{Put\040the\040data\040in\040databases}{chapter.6}% 49
\BOOKMARK [2][-]{subsection.6.1.1}{MySQL\040-\040data\040load}{section.6.1}% 50
\BOOKMARK [2][-]{subsection.6.1.2}{MongoDB\040-\040data\040load}{section.6.1}% 51
\BOOKMARK [2][-]{subsection.6.1.3}{Neo4j\040-\040data\040load}{section.6.1}% 52
\BOOKMARK [2][-]{subsection.6.1.4}{Apache\040Cassandra\040-\040data\040load}{section.6.1}% 53
\BOOKMARK [1][-]{section.6.2}{Discussion\040-\040data\040load}{chapter.6}% 54
\BOOKMARK [0][-]{chapter.7}{Query\040Evaluation\040Results\040and\040Discussion}{}% 55
\BOOKMARK [1][-]{section.7.1}{Query\040Output}{chapter.7}% 56
\BOOKMARK [1][-]{section.7.2}{Discussion}{chapter.7}% 57
\BOOKMARK [0][-]{chapter.8}{Conclusion}{}% 58
