This is XeTeX, Version 3.14159265-2.6-0.99992 (TeX Live 2015) (preloaded format=xelatex 2015.10.10)  15 APR 2016 14:07
entering extended mode
 restricted \write18 enabled.
 %&-line parsing enabled.
**conclusion.tex
(./conclusion.tex
LaTeX2e <2015/01/01>
Babel <3.9l> and hyphenation patterns for 79 languages loaded.
! Undefined control sequence.
l.1 \chapter
            {Conclusion}\label{conclusion}
The control sequence at the end of the top line
of your error message was never \def'ed. If you have
misspelled it (e.g., `\hobx'), type `I' and the correct
spelling (e.g., `I\hbox'). Otherwise just continue,
and I'll forget about whatever was undefined.


! LaTeX Error: Missing \begin{document}.

See the LaTeX manual or LaTeX Companion for explanation.
Type  H <return>  for immediate help.
 ...                                              
                                                  
l.1 \chapter{C
              onclusion}\label{conclusion}
You're in trouble here.  Try typing  <return>  to proceed.
If that doesn't work, type  X <return>  to quit.

Missing character: There is no C in font nullfont!
Missing character: There is no o in font nullfont!
Missing character: There is no n in font nullfont!
Missing character: There is no c in font nullfont!
Missing character: There is no l in font nullfont!
Missing character: There is no u in font nullfont!
Missing character: There is no s in font nullfont!
Missing character: There is no i in font nullfont!
Missing character: There is no o in font nullfont!
Missing character: There is no n in font nullfont!
! Undefined control sequence.
l.2 \section
            {Evaluation}\label{evaluation}
The control sequence at the end of the top line
of your error message was never \def'ed. If you have
misspelled it (e.g., `\hobx'), type `I' and the correct
spelling (e.g., `I\hbox'). Otherwise just continue,
and I'll forget about whatever was undefined.

Missing character: There is no E in font nullfont!
Missing character: There is no v in font nullfont!
Missing character: There is no a in font nullfont!
Missing character: There is no l in font nullfont!
Missing character: There is no u in font nullfont!
Missing character: There is no a in font nullfont!
Missing character: There is no t in font nullfont!
Missing character: There is no i in font nullfont!
Missing character: There is no o in font nullfont!
Missing character: There is no n in font nullfont!
Missing character: There is no E in font nullfont!
Missing character: There is no a in font nullfont!
Missing character: There is no c in font nullfont!
Missing character: There is no h in font nullfont!
Missing character: There is no o in font nullfont!
Missing character: There is no f in font nullfont!
Missing character: There is no t in font nullfont!
Missing character: There is no h in font nullfont!
Missing character: There is no e in font nullfont!
Missing character: There is no o in font nullfont!
Missing character: There is no b in font nullfont!
Missing character: There is no j in font nullfont!
Missing character: There is no e in font nullfont!
Missing character: There is no c in font nullfont!
Missing character: There is no t in font nullfont!
Missing character: There is no i in font nullfont!
Missing character: There is no v in font nullfont!
Missing character: There is no e in font nullfont!
Missing character: There is no s in font nullfont!
Missing character: There is no i in font nullfont!
Missing character: There is no d in font nullfont!
Missing character: There is no e in font nullfont!
Missing character: There is no n in font nullfont!
Missing character: There is no t in font nullfont!
Missing character: There is no i in font nullfont!
Missing character: There is no f in font nullfont!
Missing character: There is no i in font nullfont!
Missing character: There is no e in font nullfont!
Missing character: There is no d in font nullfont!
Missing character: There is no i in font nullfont!
Missing character: There is no n in font nullfont!
Missing character: There is no s in font nullfont!
Missing character: There is no e in font nullfont!
Missing character: There is no c in font nullfont!
Missing character: There is no t in font nullfont!
Missing character: There is no i in font nullfont!
Missing character: There is no o in font nullfont!
Missing character: There is no n in font nullfont!
! Undefined control sequence.
<write> ... `evaluationstrategy' on page \thepage 
                                                  \space undefined\on@line .^^J
l.3 ...ntified in section \ref{evaluationstrategy}
                                                   have been achieved. These...
The control sequence at the end of the top line
of your error message was never \def'ed. If you have
misspelled it (e.g., `\hobx'), type `I' and the correct
spelling (e.g., `I\hbox'). Otherwise just continue,
and I'll forget about whatever was undefined.


LaTeX Warning: Reference `evaluationstrategy' on page  undefined on input line 
3.

Missing character: There is no h in font nullfont!
Missing character: There is no a in font nullfont!
Missing character: There is no v in font nullfont!
Missing character: There is no e in font nullfont!
Missing character: There is no b in font nullfont!
Missing character: There is no e in font nullfont!
Missing character: There is no e in font nullfont!
Missing character: There is no n in font nullfont!
Missing character: There is no a in font nullfont!
Missing character: There is no c in font nullfont!
Missing character: There is no h in font nullfont!
Missing character: There is no i in font nullfont!
Missing character: There is no e in font nullfont!
Missing character: There is no v in font nullfont!
Missing character: There is no e in font nullfont!
Missing character: There is no d in font nullfont!
Missing character: There is no . in font nullfont!
Missing character: There is no T in font nullfont!
Missing character: There is no h in font nullfont!
Missing character: There is no e in font nullfont!
Missing character: There is no s in font nullfont!
Missing character: There is no e in font nullfont!
Missing character: There is no a in font nullfont!
Missing character: There is no r in font nullfont!
Missing character: There is no e in font nullfont!
Missing character: There is no o in font nullfont!
Missing character: There is no u in font nullfont!
Missing character: There is no t in font nullfont!
Missing character: There is no l in font nullfont!
Missing character: There is no i in font nullfont!
Missing character: There is no n in font nullfont!
Missing character: There is no e in font nullfont!
Missing character: There is no d in font nullfont!
Missing character: There is no b in font nullfont!
Missing character: There is no e in font nullfont!
Missing character: There is no l in font nullfont!
Missing character: There is no o in font nullfont!
Missing character: There is no w in font nullfont!
Missing character: There is no : in font nullfont!

! LaTeX Error: Environment addmargin undefined.

See the LaTeX manual or LaTeX Companion for explanation.
Type  H <return>  for immediate help.
 ...                                              
                                                  
l.5 \begin{addmargin}
                     [2em]{2em}
Your command was ignored.
Type  I <command> <return>  to replace it with another command,
or  <return>  to continue without it.

Missing character: There is no [ in font nullfont!
Missing character: There is no 2 in font nullfont!
Missing character: There is no e in font nullfont!
Missing character: There is no m in font nullfont!
Missing character: There is no ] in font nullfont!
Missing character: There is no 2 in font nullfont!
Missing character: There is no e in font nullfont!
Missing character: There is no m in font nullfont!
Missing character: There is no T in font nullfont!
Missing character: There is no h in font nullfont!
Missing character: There is no i in font nullfont!
Missing character: There is no s in font nullfont!
Missing character: There is no i in font nullfont!
Missing character: There is no s in font nullfont!
Missing character: There is no a in font nullfont!
Missing character: There is no p in font nullfont!
Missing character: There is no i in font nullfont!
Missing character: There is no e in font nullfont!
Missing character: There is no c in font nullfont!
Missing character: There is no e in font nullfont!
Missing character: There is no o in font nullfont!
Missing character: There is no f in font nullfont!
Missing character: There is no t in font nullfont!
Missing character: There is no e in font nullfont!
Missing character: There is no x in font nullfont!
Missing character: There is no t in font nullfont!

! LaTeX Error: \begin{document} ended by \end{addmargin}.

See the LaTeX manual or LaTeX Companion for explanation.
Type  H <return>  for immediate help.
 ...                                              
                                                  
l.7 \end{addmargin}
                   
Your command was ignored.
Type  I <command> <return>  to replace it with another command,
or  <return>  to continue without it.


! LaTeX Error: Environment addmargin undefined.

See the LaTeX manual or LaTeX Companion for explanation.
Type  H <return>  for immediate help.
 ...                                              
                                                  
l.9 \begin{addmargin}
                     [2em]{2em}
Your command was ignored.
Type  I <command> <return>  to replace it with another command,
or  <return>  to continue without it.

Missing character: There is no [ in font nullfont!
Missing character: There is no 2 in font nullfont!
Missing character: There is no e in font nullfont!
Missing character: There is no m in font nullfont!
Missing character: There is no ] in font nullfont!
Missing character: There is no 2 in font nullfont!
Missing character: There is no e in font nullfont!
Missing character: There is no m in font nullfont!
Missing character: There is no T in font nullfont!
Missing character: There is no h in font nullfont!
Missing character: There is no i in font nullfont!
Missing character: There is no s in font nullfont!
Missing character: There is no i in font nullfont!
Missing character: There is no s in font nullfont!
Missing character: There is no a in font nullfont!
Missing character: There is no n in font nullfont!
Missing character: There is no o in font nullfont!
Missing character: There is no t in font nullfont!
Missing character: There is no h in font nullfont!
Missing character: There is no e in font nullfont!
Missing character: There is no r in font nullfont!
Missing character: There is no p in font nullfont!
Missing character: There is no i in font nullfont!
Missing character: There is no e in font nullfont!
Missing character: There is no c in font nullfont!
Missing character: There is no e in font nullfont!
Missing character: There is no o in font nullfont!
Missing character: There is no f in font nullfont!
Missing character: There is no t in font nullfont!
Missing character: There is no e in font nullfont!
Missing character: There is no x in font nullfont!
Missing character: There is no t in font nullfont!

! LaTeX Error: \begin{document} ended by \end{addmargin}.

See the LaTeX manual or LaTeX Companion for explanation.
Type  H <return>  for immediate help.
 ...                                              
                                                  
l.11 \end{addmargin}
                    
Your command was ignored.
Type  I <command> <return>  to replace it with another command,
or  <return>  to continue without it.


! LaTeX Error: Environment addmargin undefined.

See the LaTeX manual or LaTeX Companion for explanation.
Type  H <return>  for immediate help.
 ...                                              
                                                  
l.13 \begin{addmargin}
                      [2em]{2em}
Your command was ignored.
Type  I <command> <return>  to replace it with another command,
or  <return>  to continue without it.

Missing character: There is no [ in font nullfont!
Missing character: There is no 2 in font nullfont!
Missing character: There is no e in font nullfont!
Missing character: There is no m in font nullfont!
Missing character: There is no ] in font nullfont!
Missing character: There is no 2 in font nullfont!
Missing character: There is no e in font nullfont!
Missing character: There is no m in font nullfont!
Missing character: There is no T in font nullfont!
Missing character: There is no h in font nullfont!
Missing character: There is no i in font nullfont!
Missing character: There is no s in font nullfont!
Missing character: There is no i in font nullfont!
Missing character: There is no s in font nullfont!
Missing character: There is no a in font nullfont!
Missing character: There is no f in font nullfont!
Missing character: There is no i in font nullfont!
Missing character: There is no n in font nullfont!
Missing character: There is no a in font nullfont!
Missing character: There is no l in font nullfont!
Missing character: There is no p in font nullfont!
Missing character: There is no i in font nullfont!
Missing character: There is no e in font nullfont!
Missing character: There is no c in font nullfont!
Missing character: There is no e in font nullfont!
Missing character: There is no o in font nullfont!
Missing character: There is no f in font nullfont!
Missing character: There is no t in font nullfont!
Missing character: There is no e in font nullfont!
Missing character: There is no x in font nullfont!
Missing character: There is no t in font nullfont!

! LaTeX Error: \begin{document} ended by \end{addmargin}.

See the LaTeX manual or LaTeX Companion for explanation.
Type  H <return>  for immediate help.
 ...                                              
                                                  
l.15 \end{addmargin}
                    
Your command was ignored.
Type  I <command> <return>  to replace it with another command,
or  <return>  to continue without it.


Overfull \hbox (20.0pt too wide) in paragraph at lines 1--16
[][]
 []


Overfull \hbox (10.86105pt too wide) in paragraph at lines 1--16
[]
 []


Overfull \hbox (25.604pt too wide) in paragraph at lines 1--16
\OT1/cmr/bx/n/10 Eval-
 []


Overfull \hbox (10.22217pt too wide) in paragraph at lines 1--16
\OT1/cmr/bx/n/10 u-
 []


Overfull \hbox (15.33324pt too wide) in paragraph at lines 1--16
\OT1/cmr/bx/n/10 ate
 []


Overfull \hbox (16.13187pt too wide) in paragraph at lines 1--16
\OT1/cmr/bx/n/10 the
 []


Overfull \hbox (49.74556pt too wide) in paragraph at lines 1--16
\OT1/cmr/bx/n/10 strengths,
 []


Overfull \hbox (28.74983pt too wide) in paragraph at lines 1--16
\OT1/cmr/bx/n/10 weak-
 []


Overfull \hbox (30.5387pt too wide) in paragraph at lines 1--16
\OT1/cmr/bx/n/10 nesses
 []


Overfull \hbox (18.36794pt too wide) in paragraph at lines 1--16
\OT1/cmr/bx/n/10 and
 []


Overfull \hbox (19.80545pt too wide) in paragraph at lines 1--16
\OT1/cmr/bx/n/10 lim-
 []


Overfull \hbox (7.02774pt too wide) in paragraph at lines 1--16
\OT1/cmr/bx/n/10 i-
 []


Overfull \hbox (13.89574pt too wide) in paragraph at lines 1--16
\OT1/cmr/bx/n/10 ta-
 []


Overfull \hbox (24.34152pt too wide) in paragraph at lines 1--16
\OT1/cmr/bx/n/10 tions
 []


Overfull \hbox (9.26384pt too wide) in paragraph at lines 1--16
\OT1/cmr/bx/n/10 of
 []


Overfull \hbox (22.04153pt too wide) in paragraph at lines 1--16
\OT1/cmr/bx/n/10 each
 []


Overfull \hbox (43.82747pt too wide) in paragraph at lines 1--16
\OT1/cmr/bx/n/10 database
 []


Overfull \hbox (28.53459pt too wide) in paragraph at lines 1--16
\OT1/cmr/bx/n/10 query
 []


Overfull \hbox (19.00682pt too wide) in paragraph at lines 1--16
\OT1/cmr/bx/n/10 lan-
 []


Overfull \hbox (31.94426pt too wide) in paragraph at lines 1--16
\OT1/cmr/bx/n/10 guage.
 []


Overfull \hbox (27.47208pt too wide) in paragraph at lines 1--16
\OT1/cmr/bx/n/10 Com-
 []


Overfull \hbox (21.986pt too wide) in paragraph at lines 1--16
\OT1/cmr/bx/n/10 pare
 []


Overfull \hbox (18.36794pt too wide) in paragraph at lines 1--16
\OT1/cmr/bx/n/10 and
 []


Overfull \hbox (21.08322pt too wide) in paragraph at lines 1--16
\OT1/cmr/bx/n/10 con-
 []


Overfull \hbox (23.8068pt too wide) in paragraph at lines 1--16
\OT1/cmr/bx/n/10 trast
 []


Overfull \hbox (16.13187pt too wide) in paragraph at lines 1--16
\OT1/cmr/bx/n/10 the
 []


Overfull \hbox (15.8124pt too wide) in paragraph at lines 1--16
\OT1/cmr/bx/n/10 an-
 []


Overfull \hbox (9.42354pt too wide) in paragraph at lines 1--16
\OT1/cmr/bx/n/10 a-
 []


Overfull \hbox (17.56935pt too wide) in paragraph at lines 1--16
\OT1/cmr/bx/n/10 lyt-
 []


Overfull \hbox (7.02774pt too wide) in paragraph at lines 1--16
\OT1/cmr/bx/n/10 i-
 []


Overfull \hbox (13.89574pt too wide) in paragraph at lines 1--16
\OT1/cmr/bx/n/10 cal
 []


Overfull \hbox (14.53462pt too wide) in paragraph at lines 1--16
\OT1/cmr/bx/n/10 ca-
 []


Overfull \hbox (15.8124pt too wide) in paragraph at lines 1--16
\OT1/cmr/bx/n/10 pa-
 []


Overfull \hbox (16.61102pt too wide) in paragraph at lines 1--16
\OT1/cmr/bx/n/10 bil-
 []


Overfull \hbox (7.02774pt too wide) in paragraph at lines 1--16
\OT1/cmr/bx/n/10 i-
 []


Overfull \hbox (17.47351pt too wide) in paragraph at lines 1--16
\OT1/cmr/bx/n/10 ties
 []


Overfull \hbox (9.26384pt too wide) in paragraph at lines 1--16
\OT1/cmr/bx/n/10 of
 []


Overfull \hbox (22.04153pt too wide) in paragraph at lines 1--16
\OT1/cmr/bx/n/10 each
 []


Overfull \hbox (24.75682pt too wide) in paragraph at lines 1--16
\OT1/cmr/bx/n/10 tech-
 []


Overfull \hbox (19.16656pt too wide) in paragraph at lines 1--16
\OT1/cmr/bx/n/10 nol-
 []


Overfull \hbox (19.80545pt too wide) in paragraph at lines 1--16
\OT1/cmr/bx/n/10 ogy.
 []


Overfull \hbox (17.06378pt too wide) in paragraph at lines 1--16
\OT1/cmr/bx/n/10 As-
 []


Overfull \hbox (18.87903pt too wide) in paragraph at lines 1--16
\OT1/cmr/bx/n/10 sess
 []


Overfull \hbox (16.13187pt too wide) in paragraph at lines 1--16
\OT1/cmr/bx/n/10 the
 []


Overfull \hbox (22.26512pt too wide) in paragraph at lines 1--16
\OT1/cmr/bx/n/10 scal-
 []


Overfull \hbox (9.42354pt too wide) in paragraph at lines 1--16
\OT1/cmr/bx/n/10 a-
 []


Overfull \hbox (16.61102pt too wide) in paragraph at lines 1--16
\OT1/cmr/bx/n/10 bil-
 []


Overfull \hbox (13.4166pt too wide) in paragraph at lines 1--16
\OT1/cmr/bx/n/10 ity
 []


Overfull \hbox (9.26384pt too wide) in paragraph at lines 1--16
\OT1/cmr/bx/n/10 of
 []


Overfull \hbox (22.04153pt too wide) in paragraph at lines 1--16
\OT1/cmr/bx/n/10 each
 []


Overfull \hbox (9.26384pt too wide) in paragraph at lines 1--16
\OT1/cmr/bx/n/10 of
 []


Overfull \hbox (16.13187pt too wide) in paragraph at lines 1--16
\OT1/cmr/bx/n/10 the
 []


Overfull \hbox (43.82747pt too wide) in paragraph at lines 1--16
\OT1/cmr/bx/n/10 database
 []


Overfull \hbox (14.11935pt too wide) in paragraph at lines 1--16
\OT1/cmr/bx/n/10 so-
 []


Overfull \hbox (13.4166pt too wide) in paragraph at lines 1--16
\OT1/cmr/bx/n/10 lu-
 []


Overfull \hbox (27.53595pt too wide) in paragraph at lines 1--16
\OT1/cmr/bx/n/10 tions.
 []


! LaTeX Error: \begin{document} ended by \end{itemize}.

See the LaTeX manual or LaTeX Companion for explanation.
Type  H <return>  for immediate help.
 ...                                              
                                                  
l.16 \end{itemize}
                  
Your command was ignored.
Type  I <command> <return>  to replace it with another command,
or  <return>  to continue without it.

! Extra \endgroup.
<recently read> \endgroup 
                          
l.16 \end{itemize}
                  
Things are pretty mixed up, but I think the worst is over.

! Undefined control sequence.
l.17 \section
             {Future Work}\label{futurework}
The control sequence at the end of the top line
of your error message was never \def'ed. If you have
misspelled it (e.g., `\hobx'), type `I' and the correct
spelling (e.g., `I\hbox'). Otherwise just continue,
and I'll forget about whatever was undefined.

Missing character: There is no F in font nullfont!
Missing character: There is no u in font nullfont!
Missing character: There is no t in font nullfont!
Missing character: There is no u in font nullfont!
Missing character: There is no r in font nullfont!
Missing character: There is no e in font nullfont!
Missing character: There is no W in font nullfont!
Missing character: There is no o in font nullfont!
Missing character: There is no r in font nullfont!
Missing character: There is no k in font nullfont!
! Undefined control sequence.
l.18 \section
             {Critique}\label{critque}
The control sequence at the end of the top line
of your error message was never \def'ed. If you have
misspelled it (e.g., `\hobx'), type `I' and the correct
spelling (e.g., `I\hbox'). Otherwise just continue,
and I'll forget about whatever was undefined.

Missing character: There is no C in font nullfont!
Missing character: There is no r in font nullfont!
Missing character: There is no i in font nullfont!
Missing character: There is no t in font nullfont!
Missing character: There is no i in font nullfont!
Missing character: There is no q in font nullfont!
Missing character: There is no u in font nullfont!
Missing character: There is no e in font nullfont!
! Undefined control sequence.
l.19 \section
             {Summary}\label{summary}
The control sequence at the end of the top line
of your error message was never \def'ed. If you have
misspelled it (e.g., `\hobx'), type `I' and the correct
spelling (e.g., `I\hbox'). Otherwise just continue,
and I'll forget about whatever was undefined.

Missing character: There is no S in font nullfont!
Missing character: There is no u in font nullfont!
Missing character: There is no m in font nullfont!
Missing character: There is no m in font nullfont!
Missing character: There is no a in font nullfont!
Missing character: There is no r in font nullfont!
Missing character: There is no y in font nullfont!
)
! Emergency stop.
<*> conclusion.tex
                  
*** (job aborted, no legal \end found)

 
Here is how much of TeX's memory you used:
 10 strings out of 493706
 120 string characters out of 6145768
 54323 words of memory out of 5000000
 3451 multiletter control sequences out of 15000+600000
 3948 words of font info for 15 fonts, out of 8000000 for 9000
 1328 hyphenation exceptions out of 8191
 19i,2n,19p,153b,89s stack positions out of 5000i,500n,10000p,200000b,80000s
No pages of output.
